0 info it worked if it ends with ok
1 verbose cli [ 'C:\\Program Files\\nodejs\\node.exe',
1 verbose cli   'C:\\Program Files\\nodejs\\node_modules\\npm\\bin\\npm-cli.js',
1 verbose cli   'publish' ]
2 info using npm@3.10.10
3 info using node@v6.10.2
4 verbose publish [ '.' ]
5 silly cache add args [ '.', null ]
6 verbose cache add spec .
7 silly cache add parsed spec Result {
7 silly cache add   raw: '.',
7 silly cache add   scope: null,
7 silly cache add   escapedName: null,
7 silly cache add   name: null,
7 silly cache add   rawSpec: '.',
7 silly cache add   spec: 'E:\\gitcode\\tianju\\client\\node_modules\\play-sound',
7 silly cache add   type: 'directory' }
8 verbose addLocalDirectory C:\Users\liron\AppData\Roaming\npm-cache\node-mplayer\0.0.1\package.tgz not in flight; packing
9 verbose correctMkdir C:\Users\liron\AppData\Roaming\npm-cache correctMkdir not in flight; initializing
10 info lifecycle node-mplayer@0.0.1~prepublish: node-mplayer@0.0.1
11 silly lifecycle node-mplayer@0.0.1~prepublish: no script for prepublish, continuing
12 verbose tar pack [ 'C:\\Users\\liron\\AppData\\Roaming\\npm-cache\\node-mplayer\\0.0.1\\package.tgz',
12 verbose tar pack   'E:\\gitcode\\tianju\\client\\node_modules\\play-sound' ]
13 verbose tarball C:\Users\liron\AppData\Roaming\npm-cache\node-mplayer\0.0.1\package.tgz
14 verbose folder E:\gitcode\tianju\client\node_modules\play-sound
15 verbose addLocalTarball adding from inside cache C:\Users\liron\AppData\Roaming\npm-cache\node-mplayer\0.0.1\package.tgz
16 verbose correctMkdir C:\Users\liron\AppData\Roaming\npm-cache correctMkdir not in flight; initializing
17 silly cache afterAdd node-mplayer@0.0.1
18 verbose afterAdd C:\Users\liron\AppData\Roaming\npm-cache\node-mplayer\0.0.1\package\package.json not in flight; writing
19 verbose correctMkdir C:\Users\liron\AppData\Roaming\npm-cache correctMkdir not in flight; initializing
20 verbose afterAdd C:\Users\liron\AppData\Roaming\npm-cache\node-mplayer\0.0.1\package\package.json written
21 silly publish { author: { name: 'lirongfei123', email: 'lirongfei985@gmail.com' },
21 silly publish   dependencies: { 'find-exec': '0.0.8' },
21 silly publish   description: 'Play audio files by shelling out to available audio tool.',
21 silly publish   devDependencies:
21 silly publish    { 'expect.js': '^0.3.1',
21 silly publish      mocha: '^1.21.4',
21 silly publish      'mock-fs': '^3.11.0',
21 silly publish      proxyquire: '^1.0.1',
21 silly publish      sinon: '^1.10.3' },
21 silly publish   directories: {},
21 silly publish   files: [ 'index.js' ],
21 silly publish   keywords: [ 'audio', 'sound', 'play' ],
21 silly publish   license: 'MIT',
21 silly publish   name: 'node-mplayer',
21 silly publish   optionalDependencies: {},
21 silly publish   readme: 'ERROR: No README data found!',
21 silly publish   repository:
21 silly publish    { type: 'git',
21 silly publish      url: 'git+ssh://git@github.com/lirongfei123/node-mplayer.git' },
21 silly publish   scripts: { test: 'export PATH=$PATH:./shims && node_modules/.bin/mocha tests.js' },
21 silly publish   version: '0.0.1',
21 silly publish   bugs: { url: 'https://github.com/lirongfei123/node-mplayer/issues' },
21 silly publish   homepage: 'https://github.com/lirongfei123/node-mplayer#readme',
21 silly publish   _id: 'node-mplayer@0.0.1',
21 silly publish   _shasum: '9d838147447822ecfff0ba7119b488ae4447b200',
21 silly publish   _from: '.' }
22 verbose getPublishConfig undefined
23 silly mapToRegistry name node-mplayer
24 silly mapToRegistry using default registry
25 silly mapToRegistry registry https://registry.npmjs.org/
26 silly mapToRegistry data Result {
26 silly mapToRegistry   raw: 'node-mplayer',
26 silly mapToRegistry   scope: null,
26 silly mapToRegistry   escapedName: 'node-mplayer',
26 silly mapToRegistry   name: 'node-mplayer',
26 silly mapToRegistry   rawSpec: '',
26 silly mapToRegistry   spec: 'latest',
26 silly mapToRegistry   type: 'tag' }
27 silly mapToRegistry uri https://registry.npmjs.org/node-mplayer
28 verbose publish registryBase https://registry.npmjs.org/
29 silly publish uploading C:\Users\liron\AppData\Roaming\npm-cache\node-mplayer\0.0.1\package.tgz
30 verbose request uri https://registry.npmjs.org/node-mplayer
31 verbose request sending authorization for write operation
32 info attempt registry request try #1 at 10:13:37
33 verbose request using bearer token for auth
34 verbose request id cd55596702091468
35 http request PUT https://registry.npmjs.org/node-mplayer
36 http 403 https://registry.npmjs.org/node-mplayer
37 verbose headers { 'content-type': 'application/json',
37 verbose headers   'cache-control': 'max-age=300',
37 verbose headers   'content-length': '106',
37 verbose headers   'accept-ranges': 'bytes',
37 verbose headers   date: 'Sun, 07 May 2017 02:14:04 GMT',
37 verbose headers   via: '1.1 varnish',
37 verbose headers   connection: 'close',
37 verbose headers   'x-served-by': 'cache-hkg6823-HKG',
37 verbose headers   'x-cache': 'MISS',
37 verbose headers   'x-cache-hits': '0',
37 verbose headers   'x-timer': 'S1494123243.455738,VS0,VE890',
37 verbose headers   vary: 'Accept-Encoding' }
38 verbose request invalidating C:\Users\liron\AppData\Roaming\npm-cache\registry.npmjs.org\node-mplayer on PUT
39 error publish Failed PUT 403
40 verbose stack Error: you do not have permission to publish "node-mplayer". Are you logged in as the correct user? : node-mplayer
40 verbose stack     at makeError (C:\Program Files\nodejs\node_modules\npm\node_modules\npm-registry-client\lib\request.js:302:12)
40 verbose stack     at CachingRegistryClient.<anonymous> (C:\Program Files\nodejs\node_modules\npm\node_modules\npm-registry-client\lib\request.js:290:14)
40 verbose stack     at Request._callback (C:\Program Files\nodejs\node_modules\npm\node_modules\npm-registry-client\lib\request.js:210:14)
40 verbose stack     at Request.self.callback (C:\Program Files\nodejs\node_modules\npm\node_modules\request\request.js:187:22)
40 verbose stack     at emitTwo (events.js:106:13)
40 verbose stack     at Request.emit (events.js:191:7)
40 verbose stack     at Request.<anonymous> (C:\Program Files\nodejs\node_modules\npm\node_modules\request\request.js:1048:10)
40 verbose stack     at emitOne (events.js:96:13)
40 verbose stack     at Request.emit (events.js:188:7)
40 verbose stack     at IncomingMessage.<anonymous> (C:\Program Files\nodejs\node_modules\npm\node_modules\request\request.js:969:12)
41 verbose statusCode 403
42 verbose pkgid node-mplayer
43 verbose cwd E:\gitcode\tianju\client\node_modules\play-sound
44 error Windows_NT 10.0.14393
45 error argv "C:\\Program Files\\nodejs\\node.exe" "C:\\Program Files\\nodejs\\node_modules\\npm\\bin\\npm-cli.js" "publish"
46 error node v6.10.2
47 error npm  v3.10.10
48 error code E403
49 error you do not have permission to publish "node-mplayer". Are you logged in as the correct user? : node-mplayer
50 error If you need help, you may report this error at:
50 error     <https://github.com/npm/npm/issues>
51 verbose exit [ 1, true ]
